<?xml version="1.0" encoding="UTF-8"?>
<!-- Generated by org.testng.reporters.JUnitReportReporter -->
<testsuite hostname="Deniston" failures="0" tests="1" name="Example.Sample" time="7.978" errors="0" timestamp="2022-03-23T20:21:08 IST" skipped="0">
  <testcase classname="Example.Sample" name="samplke" time="7.978"/>
  <system-out/>
</testsuite> <!-- Example.Sample -->
